Arguments: 
  C:\Program Files\nodejs\node.exe C:\Users\Usuario\AppData\Roaming\npm\node_modules\yarn\bin\yarn.js add nodemailer

PATH: 
  C:\Python39\Scripts\;C:\Python39\;C:\Windows\system32;C:\Windows;C:\Windows\System32\Wbem;C:\Windows\System32\WindowsPowerShell\v1.0\;C:\Windows\System32\OpenSSH\;C:\Program Files (x86)\Intel\Intel(R) Management Engine Components\DAL;C:\Program Files\Intel\Intel(R) Management Engine Components\DAL;C:\ProgramData\chocolatey\bin;C:\Program Files\Git\cmd;C:\Users\Usuario\AppData\Roaming\nvm;C:\Program Files\nodejs;C:\Users\Usuario\AppData\Local\Microsoft\WindowsApps;C:\Users\Usuario\AppData\Roaming\npm;C:\Users\Usuario\AppData\Local\Programs\Microsoft VS Code\bin;C:\Users\Usuario\AppData\Roaming\nvm;C:\Program Files\nodejs;C:\Program Files\heroku\bin;C:\Users\Usuario\AppData\Local\Programs\Hyper\resources\bin

Yarn version: 
  1.22.11

Node version: 
  14.17.4

Platform: 
  win32 x64

Trace: 
  Error: EPERM: operation not permitted, unlink 'C:\Users\Usuario\Ironhack\proyectfinal\gestiona\server\node_modules\bcrypt\lib\binding\napi-v3\bcrypt_lib.node'

npm manifest: 
  {
    "name": "server-server",
    "version": "0.0.0",
    "private": true,
    "scripts": {
      "start": "node server.js",
      "dev": "nodemon server.js"
    },
    "dependencies": {
      "bcrypt": "^5.0.1",
      "cloudinary": "^1.27.0",
      "cloudinary-core": "^2.11.4",
      "connect-mongo": "^4.6.0",
      "cookie-parser": "^1.4.5",
      "cors": "^2.8.5",
      "dotenv": "^10.0.0",
      "express": "^4.17.1",
      "express-session": "^1.17.2",
      "hbs": "^4.1.2",
      "mongoose": "^6.0.7",
      "morgan": "^1.10.0",
      "multer": "^1.4.3",
      "multer-storage-cloudinary": "^4.0.0",
      "serve-favicon": "^2.5.0"
    },
    "devDependencies": {
      "nodemon": "^2.0.13"
    }
  }

yarn manifest: 
  No manifest

Lockfile: 
  No lockfile
